execve("./part1.x", ["./part1.x"], 0x7ffd10f08ad0 /* 46 vars */) = 0
brk(NULL)                               = 0x22f4000
mmap(NULL, 4096, PROT_READ|PROT_WRITE, MAP_PRIVATE|MAP_ANONYMOUS, -1, 0) = 0x7f17ddf78000
access("/etc/ld.so.preload", R_OK)      = -1 ENOENT (No such file or directory)
open("/usr/local/lib/tls/x86_64/libc.so.6", O_RDONLY|O_CLOEXEC) = -1 ENOENT (No such file or directory)
stat("/usr/local/lib/tls/x86_64", 0x7fff5b862d50) = -1 ENOENT (No such file or directory)
open("/usr/local/lib/tls/libc.so.6", O_RDONLY|O_CLOEXEC) = -1 ENOENT (No such file or directory)
stat("/usr/local/lib/tls", 0x7fff5b862d50) = -1 ENOENT (No such file or directory)
open("/usr/local/lib/x86_64/libc.so.6", O_RDONLY|O_CLOEXEC) = -1 ENOENT (No such file or directory)
stat("/usr/local/lib/x86_64", 0x7fff5b862d50) = -1 ENOENT (No such file or directory)
open("/usr/local/lib/libc.so.6", O_RDONLY|O_CLOEXEC) = -1 ENOENT (No such file or directory)
stat("/usr/local/lib", {st_mode=S_IFDIR|0755, st_size=4096, ...}) = 0
open("/usr/lib/tls/x86_64/libc.so.6", O_RDONLY|O_CLOEXEC) = -1 ENOENT (No such file or directory)
stat("/usr/lib/tls/x86_64", 0x7fff5b862d50) = -1 ENOENT (No such file or directory)
open("/usr/lib/tls/libc.so.6", O_RDONLY|O_CLOEXEC) = -1 ENOENT (No such file or directory)
stat("/usr/lib/tls", 0x7fff5b862d50)    = -1 ENOENT (No such file or directory)
open("/usr/lib/x86_64/libc.so.6", O_RDONLY|O_CLOEXEC) = -1 ENOENT (No such file or directory)
stat("/usr/lib/x86_64", 0x7fff5b862d50) = -1 ENOENT (No such file or directory)
open("/usr/lib/libc.so.6", O_RDONLY|O_CLOEXEC) = 3
read(3, "\177ELF\1\1\1\3\0\0\0\0\0\0\0\0\3\0\3\0\1\0\0\0000\244\1\0004\0\0\0"..., 832) = 832
close(3)                                = 0
stat("/usr/lib", {st_mode=S_IFDIR|0555, st_size=12288, ...}) = 0
open("/opt/sfw/lib/tls/x86_64/libc.so.6", O_RDONLY|O_CLOEXEC) = -1 ENOENT (No such file or directory)
stat("/opt/sfw/lib/tls/x86_64", 0x7fff5b862d50) = -1 ENOENT (No such file or directory)
open("/opt/sfw/lib/tls/libc.so.6", O_RDONLY|O_CLOEXEC) = -1 ENOENT (No such file or directory)
stat("/opt/sfw/lib/tls", 0x7fff5b862d50) = -1 ENOENT (No such file or directory)
open("/opt/sfw/lib/x86_64/libc.so.6", O_RDONLY|O_CLOEXEC) = -1 ENOENT (No such file or directory)
stat("/opt/sfw/lib/x86_64", 0x7fff5b862d50) = -1 ENOENT (No such file or directory)
open("/opt/sfw/lib/libc.so.6", O_RDONLY|O_CLOEXEC) = -1 ENOENT (No such file or directory)
stat("/opt/sfw/lib", 0x7fff5b862d50)    = -1 ENOENT (No such file or directory)
open("/usr/sfw/lib/tls/x86_64/libc.so.6", O_RDONLY|O_CLOEXEC) = -1 ENOENT (No such file or directory)
stat("/usr/sfw/lib/tls/x86_64", 0x7fff5b862d50) = -1 ENOENT (No such file or directory)
open("/usr/sfw/lib/tls/libc.so.6", O_RDONLY|O_CLOEXEC) = -1 ENOENT (No such file or directory)
stat("/usr/sfw/lib/tls", 0x7fff5b862d50) = -1 ENOENT (No such file or directory)
open("/usr/sfw/lib/x86_64/libc.so.6", O_RDONLY|O_CLOEXEC) = -1 ENOENT (No such file or directory)
stat("/usr/sfw/lib/x86_64", 0x7fff5b862d50) = -1 ENOENT (No such file or directory)
open("/usr/sfw/lib/libc.so.6", O_RDONLY|O_CLOEXEC) = -1 ENOENT (No such file or directory)
stat("/usr/sfw/lib", 0x7fff5b862d50)    = -1 ENOENT (No such file or directory)
open("/usr/ccs/lib/tls/x86_64/libc.so.6", O_RDONLY|O_CLOEXEC) = -1 ENOENT (No such file or directory)
stat("/usr/ccs/lib/tls/x86_64", 0x7fff5b862d50) = -1 ENOENT (No such file or directory)
open("/usr/ccs/lib/tls/libc.so.6", O_RDONLY|O_CLOEXEC) = -1 ENOENT (No such file or directory)
stat("/usr/ccs/lib/tls", 0x7fff5b862d50) = -1 ENOENT (No such file or directory)
open("/usr/ccs/lib/x86_64/libc.so.6", O_RDONLY|O_CLOEXEC) = -1 ENOENT (No such file or directory)
stat("/usr/ccs/lib/x86_64", 0x7fff5b862d50) = -1 ENOENT (No such file or directory)
open("/usr/ccs/lib/libc.so.6", O_RDONLY|O_CLOEXEC) = -1 ENOENT (No such file or directory)
stat("/usr/ccs/lib", 0x7fff5b862d50)    = -1 ENOENT (No such file or directory)
open("/etc/ld.so.cache", O_RDONLY|O_CLOEXEC) = 3
fstat(3, {st_mode=S_IFREG|0644, st_size=196969, ...}) = 0
mmap(NULL, 196969, PROT_READ, MAP_PRIVATE, 3, 0) = 0x7f17ddf47000
close(3)                                = 0
open("/lib64/libc.so.6", O_RDONLY|O_CLOEXEC) = 3
read(3, "\177ELF\2\1\1\3\0\0\0\0\0\0\0\0\3\0>\0\1\0\0\0`&\2\0\0\0\0\0"..., 832) = 832
fstat(3, {st_mode=S_IFREG|0755, st_size=2156272, ...}) = 0
mmap(NULL, 3985920, PROT_READ|PROT_EXEC, MAP_PRIVATE|MAP_DENYWRITE, 3, 0) = 0x7f17dd98a000
mprotect(0x7f17ddb4e000, 2093056, PROT_NONE) = 0
mmap(0x7f17ddd4d000, 24576, PROT_READ|PROT_WRITE, MAP_PRIVATE|MAP_FIXED|MAP_DENYWRITE, 3, 0x1c3000) = 0x7f17ddd4d000
mmap(0x7f17ddd53000, 16896, PROT_READ|PROT_WRITE, MAP_PRIVATE|MAP_FIXED|MAP_ANONYMOUS, -1, 0) = 0x7f17ddd53000
close(3)                                = 0
mmap(NULL, 4096, PROT_READ|PROT_WRITE, MAP_PRIVATE|MAP_ANONYMOUS, -1, 0) = 0x7f17ddf46000
mmap(NULL, 8192, PROT_READ|PROT_WRITE, MAP_PRIVATE|MAP_ANONYMOUS, -1, 0) = 0x7f17ddf44000
arch_prctl(ARCH_SET_FS, 0x7f17ddf44740) = 0
mprotect(0x7f17ddd4d000, 16384, PROT_READ) = 0
mprotect(0x600000, 4096, PROT_READ)     = 0
mprotect(0x7f17ddf79000, 4096, PROT_READ) = 0
munmap(0x7f17ddf47000, 196969)          = 0
fstat(1, {st_mode=S_IFCHR|0600, st_rdev=makedev(136, 0), ...}) = 0
mmap(NULL, 4096, PROT_READ|PROT_WRITE, MAP_PRIVATE|MAP_ANONYMOUS, -1, 0) = 0x7f17ddf77000
pipe([3, 4])                            = 0
write(1, "hello world!", 12)            = 12
exit_group(0)                           = ?
+++ exited with 0 +++
